<?xml version="1.0" encoding="UTF-8"?>
<!-- Generated by org.testng.reporters.JUnitReportReporter -->
<testsuite skipped="1" hostname="DESKTOP-MSQ9CNA" name="testcases.rediff.StockManagement" tests="20" failures="1" timestamp="2022-03-21T19:24:01 IST" time="71.973" errors="0">
  <testcase name="modifyStock" time="8.059" classname="testcases.rediff.StockManagement"/>
  <system-out/>
  <testcase name="addNewStock" time="9.410" classname="testcases.rediff.StockManagement"/>
  <system-out/>
  <testcase name="verifyTransactionHistory" time="0.000" classname="testcases.rediff.StockManagement">
    <skipped/>
  </testcase> <!-- verifyTransactionHistory -->
  <system-out/>
  <testcase name="addNewStock" time="12.603" classname="testcases.rediff.StockManagement"/>
  <system-out/>
  <testcase name="verifyStockPresent" time="0.374" classname="testcases.rediff.StockManagement"/>
  <system-out/>
  <testcase name="verifyStockQuantity" time="0.521" classname="testcases.rediff.StockManagement"/>
  <system-out/>
  <testcase name="verifyStockPresent" time="0.301" classname="testcases.rediff.StockManagement"/>
  <system-out/>
  <testcase name="modifyStock" time="16.539" classname="testcases.rediff.StockManagement"/>
  <system-out/>
  <testcase name="modifyStock" time="15.531" classname="testcases.rediff.StockManagement"/>
  <system-out/>
  <testcase name="verifyStockPresent" time="0.254" classname="testcases.rediff.StockManagement"/>
  <system-out/>
  <testcase name="verifyStockQuantity" time="0.587" classname="testcases.rediff.StockManagement"/>
  <system-out/>
  <testcase name="verifyTransactionHistory" time="0.986" classname="testcases.rediff.StockManagement"/>
  <system-out/>
  <testcase name="verifyStockQuantity" time="0.498" classname="testcases.rediff.StockManagement"/>
  <system-out/>
  <testcase name="verifyTransactionHistory" time="1.385" classname="testcases.rediff.StockManagement"/>
  <system-out/>
  <testcase name="verifyStockPresent" time="0.275" classname="testcases.rediff.StockManagement"/>
  <system-out/>
  <testcase name="verifyStockQuantity" time="0.232" classname="testcases.rediff.StockManagement"/>
  <system-out/>
  <testcase name="verifyStockPresent" time="2.122" classname="testcases.rediff.StockManagement"/>
  <system-out/>
  <testcase name="verifyTransactionHistory" time="0.608" classname="testcases.rediff.StockManagement"/>
  <system-out/>
  <testcase name="verifyStockQuantity" time="0.851" classname="testcases.rediff.StockManagement">
    <failure type="java.lang.AssertionError" message="The following asserts failed:
	Quantity did not match">
      <![CDATA[java.lang.AssertionError: The following asserts failed:
Quantity did not match
at org.testng.asserts.SoftAssert.assertAll(SoftAssert.java:47)
at org.testng.asserts.SoftAssert.assertAll(SoftAssert.java:31)
at keywords.GenericKeywords.assertAll(GenericKeywords.java:199)
at keywords.GenericKeywords.reportFailure(GenericKeywords.java:194)
at testcases.rediff.StockManagement.verifyStockQuantity(StockManagement.java:112)
at sun.reflect.NativeMethodAccessorImpl.invoke0(Native Method)
at sun.reflect.NativeMethodAccessorImpl.invoke(NativeMethodAccessorImpl.java:62)
at sun.reflect.DelegatingMethodAccessorImpl.invoke(DelegatingMethodAccessorImpl.java:43)
at java.lang.reflect.Method.invoke(Method.java:498)
at org.testng.internal.MethodInvocationHelper.invokeMethod(MethodInvocationHelper.java:133)
at org.testng.internal.TestInvoker.invokeMethod(TestInvoker.java:598)
at org.testng.internal.TestInvoker.invokeTestMethod(TestInvoker.java:173)
at org.testng.internal.MethodRunner.runInSequence(MethodRunner.java:46)
at org.testng.internal.TestInvoker$MethodInvocationAgent.invoke(TestInvoker.java:824)
at org.testng.internal.TestInvoker.invokeTestMethods(TestInvoker.java:146)
at org.testng.internal.TestMethodWorker.invokeTestMethods(TestMethodWorker.java:146)
at org.testng.internal.TestMethodWorker.run(TestMethodWorker.java:128)
at java.util.ArrayList.forEach(ArrayList.java:1257)
at org.testng.TestRunner.privateRun(TestRunner.java:794)
at org.testng.TestRunner.run(TestRunner.java:596)
at org.testng.SuiteRunner.runTest(SuiteRunner.java:377)
at org.testng.SuiteRunner.runSequentially(SuiteRunner.java:371)
at org.testng.SuiteRunner.privateRun(SuiteRunner.java:332)
at org.testng.SuiteRunner.run(SuiteRunner.java:276)
at org.testng.SuiteRunnerWorker.runSuite(SuiteRunnerWorker.java:53)
at org.testng.SuiteRunnerWorker.run(SuiteRunnerWorker.java:96)
at org.testng.TestNG.runSuitesSequentially(TestNG.java:1212)
at org.testng.TestNG.runSuitesLocally(TestNG.java:1134)
at org.testng.TestNG.runSuites(TestNG.java:1063)
at org.testng.TestNG.run(TestNG.java:1031)
at runner.TestNGRunner.run(TestNGRunner.java:86)
at runner.JSONRunner.main(JSONRunner.java:111)
]]>
    </failure>
  </testcase> <!-- verifyStockQuantity -->
  <system-out/>
  <testcase name="verifyTransactionHistory" time="0.837" classname="testcases.rediff.StockManagement"/>
  <system-out/>
</testsuite> <!-- testcases.rediff.StockManagement -->
