<?xml version="1.0" encoding="UTF-8"?>
<!-- Generated by org.testng.reporters.JUnitXMLReporter -->
<testsuite hostname="DESKTOP-MSQ9CNA" ignored="1" name="Create Portfolio-Create New PortFolio-pos-It.1" tests="1" failures="1" timestamp="2022-03-21T19:18:42 IST" time="77.355" errors="0">
  <testcase name="createPortfolio" time="2.181" classname="testcases.rediff.PortfolioManagement">
    <failure type="java.lang.AssertionError" message="The following asserts failed:
	OptionPortfolioAshish100 not present in Drop Down portfolioid_dropdown_id">
      <![CDATA[java.lang.AssertionError: The following asserts failed:
OptionPortfolioAshish100 not present in Drop Down portfolioid_dropdown_id
at keywords.GenericKeywords.assertAll(GenericKeywords.java:199)
at keywords.GenericKeywords.reportFailure(GenericKeywords.java:194)
at keywords.ValidationKeywords.validateSelectedValueInDropDown(ValidationKeywords.java:29)
at testcases.rediff.PortfolioManagement.createPortfolio(PortfolioManagement.java:25)
at java.util.ArrayList.forEach(ArrayList.java:1257)
at runner.TestNGRunner.run(TestNGRunner.java:86)
at runner.JSONRunner.main(JSONRunner.java:111)
... Removed 26 stack frames]]>
    </failure>
  </testcase> <!-- createPortfolio -->
  <testcase name="deletePortfolio" time="0.0" classname="testcases.rediff.PortfolioManagement">
    <ignored/>
  </testcase> <!-- deletePortfolio -->
</testsuite> <!-- Create Portfolio-Create New PortFolio-pos-It.1 -->
