<?xml version="1.0" encoding="UTF-8"?>
<testng-results skipped="1" failed="5" ignored="34" total="58" passed="18">
  <reporter-output>
  </reporter-output>
  <suite name="PortFolio Suite" duration-ms="197340" started-at="2022-03-21T19:17:24 IST" finished-at="2022-03-21T19:20:42 IST">
    <groups>
    </groups>
    <test name="Create Portfolio-Create New PortFolio-pos-It.1" duration-ms="77355" started-at="2022-03-21T19:17:24 IST" finished-at="2022-03-21T19:18:42 IST">
      <class name="testcases.rediff.PortfolioManagement">
        <test-method status="PASS" signature="beforeTest(org.testng.ITestContext)[pri:0, instance:testcases.rediff.PortfolioManagement@1d057a39]" name="beforeTest" is-config="true" duration-ms="72216" started-at="2022-03-21T19:17:24 IST" finished-at="2022-03-21T19:18:37 IST">
          <params>
            <param index="0">
              <value>
                <![CDATA[org.testng.TestRunner@20e7152a]]>
              </value>
            </param>
          </params>
          <reporter-output>
          </reporter-output>
        </test-method> <!-- beforeTest -->
        <test-method status="PASS" signature="beforeMethod(org.testng.ITestContext)[pri:0, instance:testcases.rediff.PortfolioManagement@1d057a39]" name="beforeMethod" is-config="true" duration-ms="1" started-at="2022-03-21T19:18:37 IST" finished-at="2022-03-21T19:18:37 IST">
          <params>
            <param index="0">
              <value>
                <![CDATA[org.testng.TestRunner@20e7152a]]>
              </value>
            </param>
          </params>
          <reporter-output>
          </reporter-output>
        </test-method> <!-- beforeMethod -->
        <test-method status="FAIL" signature="createPortfolio()[pri:0, instance:testcases.rediff.PortfolioManagement@1d057a39]" name="createPortfolio" duration-ms="2181" started-at="2022-03-21T19:18:37 IST" finished-at="2022-03-21T19:18:39 IST">
          <exception class="java.lang.AssertionError">
            <message>
              <![CDATA[The following asserts failed:
OptionPortfolioAshish100 not present in Drop Down portfolioid_dropdown_id]]>
            </message>
            <full-stacktrace>
              <![CDATA[java.lang.AssertionError: The following asserts failed:
OptionPortfolioAshish100 not present in Drop Down portfolioid_dropdown_id
at org.testng.asserts.SoftAssert.assertAll(SoftAssert.java:47)
at org.testng.asserts.SoftAssert.assertAll(SoftAssert.java:31)
at keywords.GenericKeywords.assertAll(GenericKeywords.java:199)
at keywords.GenericKeywords.reportFailure(GenericKeywords.java:194)
at keywords.ValidationKeywords.validateSelectedValueInDropDown(ValidationKeywords.java:29)
at testcases.rediff.PortfolioManagement.createPortfolio(PortfolioManagement.java:25)
at sun.reflect.NativeMethodAccessorImpl.invoke0(Native Method)
at sun.reflect.NativeMethodAccessorImpl.invoke(NativeMethodAccessorImpl.java:62)
at sun.reflect.DelegatingMethodAccessorImpl.invoke(DelegatingMethodAccessorImpl.java:43)
at java.lang.reflect.Method.invoke(Method.java:498)
at org.testng.internal.MethodInvocationHelper.invokeMethod(MethodInvocationHelper.java:133)
at org.testng.internal.TestInvoker.invokeMethod(TestInvoker.java:598)
at org.testng.internal.TestInvoker.invokeTestMethod(TestInvoker.java:173)
at org.testng.internal.MethodRunner.runInSequence(MethodRunner.java:46)
at org.testng.internal.TestInvoker$MethodInvocationAgent.invoke(TestInvoker.java:824)
at org.testng.internal.TestInvoker.invokeTestMethods(TestInvoker.java:146)
at org.testng.internal.TestMethodWorker.invokeTestMethods(TestMethodWorker.java:146)
at org.testng.internal.TestMethodWorker.run(TestMethodWorker.java:128)
at java.util.ArrayList.forEach(ArrayList.java:1257)
at org.testng.TestRunner.privateRun(TestRunner.java:794)
at org.testng.TestRunner.run(TestRunner.java:596)
at org.testng.SuiteRunner.runTest(SuiteRunner.java:377)
at org.testng.SuiteRunner.runSequentially(SuiteRunner.java:371)
at org.testng.SuiteRunner.privateRun(SuiteRunner.java:332)
at org.testng.SuiteRunner.run(SuiteRunner.java:276)
at org.testng.SuiteRunnerWorker.runSuite(SuiteRunnerWorker.java:53)
at org.testng.SuiteRunnerWorker.run(SuiteRunnerWorker.java:96)
at org.testng.TestNG.runSuitesSequentially(TestNG.java:1212)
at org.testng.TestNG.runSuitesLocally(TestNG.java:1134)
at org.testng.TestNG.runSuites(TestNG.java:1063)
at org.testng.TestNG.run(TestNG.java:1031)
at runner.TestNGRunner.run(TestNGRunner.java:86)
at runner.JSONRunner.main(JSONRunner.java:111)
]]>
            </full-stacktrace>
          </exception> <!-- java.lang.AssertionError -->
          <reporter-output>
          </reporter-output>
        </test-method> <!-- createPortfolio -->
        <test-method status="PASS" signature="quit(org.testng.ITestContext)[pri:0, instance:testcases.rediff.PortfolioManagement@1d057a39]" name="quit" is-config="true" duration-ms="2654" started-at="2022-03-21T19:18:39 IST" finished-at="2022-03-21T19:18:42 IST">
          <params>
            <param index="0">
              <value>
                <![CDATA[org.testng.TestRunner@20e7152a]]>
              </value>
            </param>
          </params>
          <reporter-output>
          </reporter-output>
        </test-method> <!-- quit -->
      </class> <!-- testcases.rediff.PortfolioManagement -->
    </test> <!-- Create Portfolio-Create New PortFolio-pos-It.1 -->
    <test name="Create Portfolio-Create New PortFolio-pos-It.2" duration-ms="27772" started-at="2022-03-21T19:18:42 IST" finished-at="2022-03-21T19:19:10 IST">
      <class name="testcases.rediff.PortfolioManagement">
        <test-method status="PASS" signature="beforeTest(org.testng.ITestContext)[pri:0, instance:testcases.rediff.PortfolioManagement@14bf9759]" name="beforeTest" is-config="true" duration-ms="24385" started-at="2022-03-21T19:18:42 IST" finished-at="2022-03-21T19:19:06 IST">
          <params>
            <param index="0">
              <value>
                <![CDATA[org.testng.TestRunner@202fd4c4]]>
              </value>
            </param>
          </params>
          <reporter-output>
          </reporter-output>
        </test-method> <!-- beforeTest -->
        <test-method status="PASS" signature="beforeMethod(org.testng.ITestContext)[pri:0, instance:testcases.rediff.PortfolioManagement@14bf9759]" name="beforeMethod" is-config="true" duration-ms="1" started-at="2022-03-21T19:19:06 IST" finished-at="2022-03-21T19:19:06 IST">
          <params>
            <param index="0">
              <value>
                <![CDATA[org.testng.TestRunner@202fd4c4]]>
              </value>
            </param>
          </params>
          <reporter-output>
          </reporter-output>
        </test-method> <!-- beforeMethod -->
        <test-method status="FAIL" signature="createPortfolio()[pri:0, instance:testcases.rediff.PortfolioManagement@14bf9759]" name="createPortfolio" duration-ms="1289" started-at="2022-03-21T19:19:06 IST" finished-at="2022-03-21T19:19:08 IST">
          <exception class="java.lang.AssertionError">
            <message>
              <![CDATA[The following asserts failed:
OptionPortfolioAshish100 not present in Drop Down portfolioid_dropdown_id]]>
            </message>
            <full-stacktrace>
              <![CDATA[java.lang.AssertionError: The following asserts failed:
OptionPortfolioAshish100 not present in Drop Down portfolioid_dropdown_id
at org.testng.asserts.SoftAssert.assertAll(SoftAssert.java:47)
at org.testng.asserts.SoftAssert.assertAll(SoftAssert.java:31)
at keywords.GenericKeywords.assertAll(GenericKeywords.java:199)
at keywords.GenericKeywords.reportFailure(GenericKeywords.java:194)
at keywords.ValidationKeywords.validateSelectedValueInDropDown(ValidationKeywords.java:29)
at testcases.rediff.PortfolioManagement.createPortfolio(PortfolioManagement.java:25)
at sun.reflect.NativeMethodAccessorImpl.invoke0(Native Method)
at sun.reflect.NativeMethodAccessorImpl.invoke(NativeMethodAccessorImpl.java:62)
at sun.reflect.DelegatingMethodAccessorImpl.invoke(DelegatingMethodAccessorImpl.java:43)
at java.lang.reflect.Method.invoke(Method.java:498)
at org.testng.internal.MethodInvocationHelper.invokeMethod(MethodInvocationHelper.java:133)
at org.testng.internal.TestInvoker.invokeMethod(TestInvoker.java:598)
at org.testng.internal.TestInvoker.invokeTestMethod(TestInvoker.java:173)
at org.testng.internal.MethodRunner.runInSequence(MethodRunner.java:46)
at org.testng.internal.TestInvoker$MethodInvocationAgent.invoke(TestInvoker.java:824)
at org.testng.internal.TestInvoker.invokeTestMethods(TestInvoker.java:146)
at org.testng.internal.TestMethodWorker.invokeTestMethods(TestMethodWorker.java:146)
at org.testng.internal.TestMethodWorker.run(TestMethodWorker.java:128)
at java.util.ArrayList.forEach(ArrayList.java:1257)
at org.testng.TestRunner.privateRun(TestRunner.java:794)
at org.testng.TestRunner.run(TestRunner.java:596)
at org.testng.SuiteRunner.runTest(SuiteRunner.java:377)
at org.testng.SuiteRunner.runSequentially(SuiteRunner.java:371)
at org.testng.SuiteRunner.privateRun(SuiteRunner.java:332)
at org.testng.SuiteRunner.run(SuiteRunner.java:276)
at org.testng.SuiteRunnerWorker.runSuite(SuiteRunnerWorker.java:53)
at org.testng.SuiteRunnerWorker.run(SuiteRunnerWorker.java:96)
at org.testng.TestNG.runSuitesSequentially(TestNG.java:1212)
at org.testng.TestNG.runSuitesLocally(TestNG.java:1134)
at org.testng.TestNG.runSuites(TestNG.java:1063)
at org.testng.TestNG.run(TestNG.java:1031)
at runner.TestNGRunner.run(TestNGRunner.java:86)
at runner.JSONRunner.main(JSONRunner.java:111)
]]>
            </full-stacktrace>
          </exception> <!-- java.lang.AssertionError -->
          <reporter-output>
          </reporter-output>
        </test-method> <!-- createPortfolio -->
        <test-method status="PASS" signature="quit(org.testng.ITestContext)[pri:0, instance:testcases.rediff.PortfolioManagement@14bf9759]" name="quit" is-config="true" duration-ms="2095" started-at="2022-03-21T19:19:08 IST" finished-at="2022-03-21T19:19:10 IST">
          <params>
            <param index="0">
              <value>
                <![CDATA[org.testng.TestRunner@202fd4c4]]>
              </value>
            </param>
          </params>
          <reporter-output>
          </reporter-output>
        </test-method> <!-- quit -->
      </class> <!-- testcases.rediff.PortfolioManagement -->
    </test> <!-- Create Portfolio-Create New PortFolio-pos-It.2 -->
    <test name="Delete Portfolio-Delete Existing PortFolio-It.1" duration-ms="46550" started-at="2022-03-21T19:19:10 IST" finished-at="2022-03-21T19:19:56 IST">
      <class name="testcases.rediff.PortfolioManagement">
        <test-method status="PASS" signature="beforeTest(org.testng.ITestContext)[pri:0, instance:testcases.rediff.PortfolioManagement@271053e1]" name="beforeTest" is-config="true" duration-ms="24951" started-at="2022-03-21T19:19:10 IST" finished-at="2022-03-21T19:19:35 IST">
          <params>
            <param index="0">
              <value>
                <![CDATA[org.testng.TestRunner@3b72860c]]>
              </value>
            </param>
          </params>
          <reporter-output>
          </reporter-output>
        </test-method> <!-- beforeTest -->
        <test-method status="PASS" signature="beforeMethod(org.testng.ITestContext)[pri:0, instance:testcases.rediff.PortfolioManagement@271053e1]" name="beforeMethod" is-config="true" duration-ms="0" started-at="2022-03-21T19:19:35 IST" finished-at="2022-03-21T19:19:35 IST">
          <params>
            <param index="0">
              <value>
                <![CDATA[org.testng.TestRunner@3b72860c]]>
              </value>
            </param>
          </params>
          <reporter-output>
          </reporter-output>
        </test-method> <!-- beforeMethod -->
        <test-method status="FAIL" signature="deletePortfolio()[pri:0, instance:testcases.rediff.PortfolioManagement@271053e1]" name="deletePortfolio" duration-ms="20178" started-at="2022-03-21T19:19:35 IST" finished-at="2022-03-21T19:19:55 IST">
          <exception class="org.openqa.selenium.NoSuchElementException">
            <message>
              <![CDATA[Cannot locate option with text: Portfolio12089100
For documentation on this error, please visit: https://selenium.dev/exceptions/#no_such_element
Build info: version: '4.1.2', revision: '9a5a329c5a'
System info: host: 'DESKTOP-MSQ9CNA', ip: '192.168.0.100', os.name: 'Windows 10', os.arch: 'amd64', os.version: '10.0', java.version: '1.8.0_202'
Driver info: driver.version: unknown]]>
            </message>
            <full-stacktrace>
              <![CDATA[org.openqa.selenium.NoSuchElementException: Cannot locate option with text: Portfolio12089100
For documentation on this error, please visit: https://selenium.dev/exceptions/#no_such_element
Build info: version: '4.1.2', revision: '9a5a329c5a'
System info: host: 'DESKTOP-MSQ9CNA', ip: '192.168.0.100', os.name: 'Windows 10', os.arch: 'amd64', os.version: '10.0', java.version: '1.8.0_202'
Driver info: driver.version: unknown
at org.openqa.selenium.support.ui.Select.selectByVisibleText(Select.java:151)
at keywords.GenericKeywords.selectByVisibleText(GenericKeywords.java:111)
at testcases.rediff.PortfolioManagement.deletePortfolio(PortfolioManagement.java:33)
at sun.reflect.NativeMethodAccessorImpl.invoke0(Native Method)
at sun.reflect.NativeMethodAccessorImpl.invoke(NativeMethodAccessorImpl.java:62)
at sun.reflect.DelegatingMethodAccessorImpl.invoke(DelegatingMethodAccessorImpl.java:43)
at java.lang.reflect.Method.invoke(Method.java:498)
at org.testng.internal.MethodInvocationHelper.invokeMethod(MethodInvocationHelper.java:133)
at org.testng.internal.TestInvoker.invokeMethod(TestInvoker.java:598)
at org.testng.internal.TestInvoker.invokeTestMethod(TestInvoker.java:173)
at org.testng.internal.MethodRunner.runInSequence(MethodRunner.java:46)
at org.testng.internal.TestInvoker$MethodInvocationAgent.invoke(TestInvoker.java:824)
at org.testng.internal.TestInvoker.invokeTestMethods(TestInvoker.java:146)
at org.testng.internal.TestMethodWorker.invokeTestMethods(TestMethodWorker.java:146)
at org.testng.internal.TestMethodWorker.run(TestMethodWorker.java:128)
at java.util.ArrayList.forEach(ArrayList.java:1257)
at org.testng.TestRunner.privateRun(TestRunner.java:794)
at org.testng.TestRunner.run(TestRunner.java:596)
at org.testng.SuiteRunner.runTest(SuiteRunner.java:377)
at org.testng.SuiteRunner.runSequentially(SuiteRunner.java:371)
at org.testng.SuiteRunner.privateRun(SuiteRunner.java:332)
at org.testng.SuiteRunner.run(SuiteRunner.java:276)
at org.testng.SuiteRunnerWorker.runSuite(SuiteRunnerWorker.java:53)
at org.testng.SuiteRunnerWorker.run(SuiteRunnerWorker.java:96)
at org.testng.TestNG.runSuitesSequentially(TestNG.java:1212)
at org.testng.TestNG.runSuitesLocally(TestNG.java:1134)
at org.testng.TestNG.runSuites(TestNG.java:1063)
at org.testng.TestNG.run(TestNG.java:1031)
at runner.TestNGRunner.run(TestNGRunner.java:86)
at runner.JSONRunner.main(JSONRunner.java:111)
]]>
            </full-stacktrace>
          </exception> <!-- org.openqa.selenium.NoSuchElementException -->
          <reporter-output>
          </reporter-output>
        </test-method> <!-- deletePortfolio -->
        <test-method status="PASS" signature="quit(org.testng.ITestContext)[pri:0, instance:testcases.rediff.PortfolioManagement@271053e1]" name="quit" is-config="true" duration-ms="1417" started-at="2022-03-21T19:19:55 IST" finished-at="2022-03-21T19:19:56 IST">
          <params>
            <param index="0">
              <value>
                <![CDATA[org.testng.TestRunner@3b72860c]]>
              </value>
            </param>
          </params>
          <reporter-output>
          </reporter-output>
        </test-method> <!-- quit -->
      </class> <!-- testcases.rediff.PortfolioManagement -->
    </test> <!-- Delete Portfolio-Delete Existing PortFolio-It.1 -->
    <test name="Delete Portfolio-Delete Existing PortFolio-It.2" duration-ms="45512" started-at="2022-03-21T19:19:56 IST" finished-at="2022-03-21T19:20:42 IST">
      <class name="testcases.rediff.PortfolioManagement">
        <test-method status="PASS" signature="beforeTest(org.testng.ITestContext)[pri:0, instance:testcases.rediff.PortfolioManagement@4cf777e8]" name="beforeTest" is-config="true" duration-ms="24303" started-at="2022-03-21T19:19:56 IST" finished-at="2022-03-21T19:20:21 IST">
          <params>
            <param index="0">
              <value>
                <![CDATA[org.testng.TestRunner@7f1b2f07]]>
              </value>
            </param>
          </params>
          <reporter-output>
          </reporter-output>
        </test-method> <!-- beforeTest -->
        <test-method status="PASS" signature="beforeMethod(org.testng.ITestContext)[pri:0, instance:testcases.rediff.PortfolioManagement@4cf777e8]" name="beforeMethod" is-config="true" duration-ms="1" started-at="2022-03-21T19:20:21 IST" finished-at="2022-03-21T19:20:21 IST">
          <params>
            <param index="0">
              <value>
                <![CDATA[org.testng.TestRunner@7f1b2f07]]>
              </value>
            </param>
          </params>
          <reporter-output>
          </reporter-output>
        </test-method> <!-- beforeMethod -->
        <test-method status="FAIL" signature="deletePortfolio()[pri:0, instance:testcases.rediff.PortfolioManagement@4cf777e8]" name="deletePortfolio" duration-ms="20195" started-at="2022-03-21T19:20:21 IST" finished-at="2022-03-21T19:20:41 IST">
          <exception class="org.openqa.selenium.NoSuchElementException">
            <message>
              <![CDATA[Cannot locate option with text: Portfolio12089100
For documentation on this error, please visit: https://selenium.dev/exceptions/#no_such_element
Build info: version: '4.1.2', revision: '9a5a329c5a'
System info: host: 'DESKTOP-MSQ9CNA', ip: '192.168.0.100', os.name: 'Windows 10', os.arch: 'amd64', os.version: '10.0', java.version: '1.8.0_202'
Driver info: driver.version: unknown]]>
            </message>
            <full-stacktrace>
              <![CDATA[org.openqa.selenium.NoSuchElementException: Cannot locate option with text: Portfolio12089100
For documentation on this error, please visit: https://selenium.dev/exceptions/#no_such_element
Build info: version: '4.1.2', revision: '9a5a329c5a'
System info: host: 'DESKTOP-MSQ9CNA', ip: '192.168.0.100', os.name: 'Windows 10', os.arch: 'amd64', os.version: '10.0', java.version: '1.8.0_202'
Driver info: driver.version: unknown
at org.openqa.selenium.support.ui.Select.selectByVisibleText(Select.java:151)
at keywords.GenericKeywords.selectByVisibleText(GenericKeywords.java:111)
at testcases.rediff.PortfolioManagement.deletePortfolio(PortfolioManagement.java:33)
at sun.reflect.NativeMethodAccessorImpl.invoke0(Native Method)
at sun.reflect.NativeMethodAccessorImpl.invoke(NativeMethodAccessorImpl.java:62)
at sun.reflect.DelegatingMethodAccessorImpl.invoke(DelegatingMethodAccessorImpl.java:43)
at java.lang.reflect.Method.invoke(Method.java:498)
at org.testng.internal.MethodInvocationHelper.invokeMethod(MethodInvocationHelper.java:133)
at org.testng.internal.TestInvoker.invokeMethod(TestInvoker.java:598)
at org.testng.internal.TestInvoker.invokeTestMethod(TestInvoker.java:173)
at org.testng.internal.MethodRunner.runInSequence(MethodRunner.java:46)
at org.testng.internal.TestInvoker$MethodInvocationAgent.invoke(TestInvoker.java:824)
at org.testng.internal.TestInvoker.invokeTestMethods(TestInvoker.java:146)
at org.testng.internal.TestMethodWorker.invokeTestMethods(TestMethodWorker.java:146)
at org.testng.internal.TestMethodWorker.run(TestMethodWorker.java:128)
at java.util.ArrayList.forEach(ArrayList.java:1257)
at org.testng.TestRunner.privateRun(TestRunner.java:794)
at org.testng.TestRunner.run(TestRunner.java:596)
at org.testng.SuiteRunner.runTest(SuiteRunner.java:377)
at org.testng.SuiteRunner.runSequentially(SuiteRunner.java:371)
at org.testng.SuiteRunner.privateRun(SuiteRunner.java:332)
at org.testng.SuiteRunner.run(SuiteRunner.java:276)
at org.testng.SuiteRunnerWorker.runSuite(SuiteRunnerWorker.java:53)
at org.testng.SuiteRunnerWorker.run(SuiteRunnerWorker.java:96)
at org.testng.TestNG.runSuitesSequentially(TestNG.java:1212)
at org.testng.TestNG.runSuitesLocally(TestNG.java:1134)
at org.testng.TestNG.runSuites(TestNG.java:1063)
at org.testng.TestNG.run(TestNG.java:1031)
at runner.TestNGRunner.run(TestNGRunner.java:86)
at runner.JSONRunner.main(JSONRunner.java:111)
]]>
            </full-stacktrace>
          </exception> <!-- org.openqa.selenium.NoSuchElementException -->
          <reporter-output>
          </reporter-output>
        </test-method> <!-- deletePortfolio -->
        <test-method status="PASS" signature="quit(org.testng.ITestContext)[pri:0, instance:testcases.rediff.PortfolioManagement@4cf777e8]" name="quit" is-config="true" duration-ms="1011" started-at="2022-03-21T19:20:41 IST" finished-at="2022-03-21T19:20:42 IST">
          <params>
            <param index="0">
              <value>
                <![CDATA[org.testng.TestRunner@7f1b2f07]]>
              </value>
            </param>
          </params>
          <reporter-output>
          </reporter-output>
        </test-method> <!-- quit -->
      </class> <!-- testcases.rediff.PortfolioManagement -->
    </test> <!-- Delete Portfolio-Delete Existing PortFolio-It.2 -->
  </suite> <!-- PortFolio Suite -->
  <suite name="Stock Suite" duration-ms="199031" started-at="2022-03-21T19:20:42 IST" finished-at="2022-03-21T19:24:01 IST">
    <groups>
    </groups>
    <test name="Add New Stock-New Stock-It.1" duration-ms="41681" started-at="2022-03-21T19:20:42 IST" finished-at="2022-03-21T19:21:23 IST">
      <class name="testcases.rediff.PortfolioManagement">
        <test-method status="PASS" signature="beforeTest(org.testng.ITestContext)[pri:0, instance:testcases.rediff.PortfolioManagement@3f49dace]" name="beforeTest" is-config="true" duration-ms="26519" started-at="2022-03-21T19:20:42 IST" finished-at="2022-03-21T19:21:08 IST">
          <params>
            <param index="0">
              <value>
                <![CDATA[org.testng.TestRunner@739e8b96]]>
              </value>
            </param>
          </params>
          <reporter-output>
          </reporter-output>
        </test-method> <!-- beforeTest -->
        <test-method status="PASS" signature="quit(org.testng.ITestContext)[pri:0, instance:testcases.rediff.PortfolioManagement@3f49dace]" name="quit" is-config="true" duration-ms="1206" started-at="2022-03-21T19:21:22 IST" finished-at="2022-03-21T19:21:23 IST">
          <params>
            <param index="0">
              <value>
                <![CDATA[org.testng.TestRunner@739e8b96]]>
              </value>
            </param>
          </params>
          <reporter-output>
          </reporter-output>
        </test-method> <!-- quit -->
      </class> <!-- testcases.rediff.PortfolioManagement -->
      <class name="testcases.rediff.StockManagement">
        <test-method status="PASS" signature="addNewStock(org.testng.ITestContext)[pri:0, instance:testcases.rediff.StockManagement@1e397ed7]" name="addNewStock" duration-ms="12602" started-at="2022-03-21T19:21:08 IST" finished-at="2022-03-21T19:21:21 IST">
          <params>
            <param index="0">
              <value>
                <![CDATA[org.testng.TestRunner@739e8b96]]>
              </value>
            </param>
          </params>
          <reporter-output>
          </reporter-output>
        </test-method> <!-- addNewStock -->
        <test-method status="PASS" signature="beforeMethod(org.testng.ITestContext)[pri:0, instance:testcases.rediff.StockManagement@1e397ed7]" name="beforeMethod" is-config="true" duration-ms="0" started-at="2022-03-21T19:21:08 IST" finished-at="2022-03-21T19:21:08 IST">
          <params>
            <param index="0">
              <value>
                <![CDATA[org.testng.TestRunner@739e8b96]]>
              </value>
            </param>
          </params>
          <reporter-output>
          </reporter-output>
        </test-method> <!-- beforeMethod -->
        <test-method status="PASS" signature="beforeMethod(org.testng.ITestContext)[pri:0, instance:testcases.rediff.StockManagement@1e397ed7]" name="beforeMethod" is-config="true" duration-ms="1" started-at="2022-03-21T19:21:21 IST" finished-at="2022-03-21T19:21:21 IST">
          <params>
            <param index="0">
              <value>
                <![CDATA[org.testng.TestRunner@739e8b96]]>
              </value>
            </param>
          </params>
          <reporter-output>
          </reporter-output>
        </test-method> <!-- beforeMethod -->
        <test-method status="PASS" signature="verifyStockPresent()[pri:0, instance:testcases.rediff.StockManagement@1e397ed7]" name="verifyStockPresent" duration-ms="274" started-at="2022-03-21T19:21:21 IST" finished-at="2022-03-21T19:21:21 IST">
          <reporter-output>
          </reporter-output>
        </test-method> <!-- verifyStockPresent -->
        <test-method status="PASS" signature="beforeMethod(org.testng.ITestContext)[pri:0, instance:testcases.rediff.StockManagement@1e397ed7]" name="beforeMethod" is-config="true" duration-ms="1" started-at="2022-03-21T19:21:21 IST" finished-at="2022-03-21T19:21:21 IST">
          <params>
            <param index="0">
              <value>
                <![CDATA[org.testng.TestRunner@739e8b96]]>
              </value>
            </param>
          </params>
          <reporter-output>
          </reporter-output>
        </test-method> <!-- beforeMethod -->
        <test-method status="PASS" signature="verifyStockQuantity(java.lang.String,org.testng.ITestContext)[pri:0, instance:testcases.rediff.StockManagement@1e397ed7]" name="verifyStockQuantity" duration-ms="231" started-at="2022-03-21T19:21:21 IST" finished-at="2022-03-21T19:21:21 IST">
          <params>
            <param index="0">
              <value>
                <![CDATA[addstock]]>
              </value>
            </param>
            <param index="1">
              <value>
                <![CDATA[org.testng.TestRunner@739e8b96]]>
              </value>
            </param>
          </params>
          <reporter-output>
          </reporter-output>
        </test-method> <!-- verifyStockQuantity -->
        <test-method status="PASS" signature="beforeMethod(org.testng.ITestContext)[pri:0, instance:testcases.rediff.StockManagement@1e397ed7]" name="beforeMethod" is-config="true" duration-ms="1" started-at="2022-03-21T19:21:21 IST" finished-at="2022-03-21T19:21:21 IST">
          <params>
            <param index="0">
              <value>
                <![CDATA[org.testng.TestRunner@739e8b96]]>
              </value>
            </param>
          </params>
          <reporter-output>
          </reporter-output>
        </test-method> <!-- beforeMethod -->
        <test-method status="PASS" signature="verifyTransactionHistory(java.lang.String)[pri:0, instance:testcases.rediff.StockManagement@1e397ed7]" name="verifyTransactionHistory" duration-ms="837" started-at="2022-03-21T19:21:21 IST" finished-at="2022-03-21T19:21:22 IST">
          <params>
            <param index="0">
              <value>
                <![CDATA[addstock]]>
              </value>
            </param>
          </params>
          <reporter-output>
          </reporter-output>
        </test-method> <!-- verifyTransactionHistory -->
      </class> <!-- testcases.rediff.StockManagement -->
    </test> <!-- Add New Stock-New Stock-It.1 -->
    <test name="Add New Stock-New Stock-It.2" duration-ms="38040" started-at="2022-03-21T19:21:23 IST" finished-at="2022-03-21T19:22:02 IST">
      <class name="testcases.rediff.PortfolioManagement">
        <test-method status="PASS" signature="beforeTest(org.testng.ITestContext)[pri:0, instance:testcases.rediff.PortfolioManagement@72d818d1]" name="beforeTest" is-config="true" duration-ms="24627" started-at="2022-03-21T19:21:23 IST" finished-at="2022-03-21T19:21:48 IST">
          <params>
            <param index="0">
              <value>
                <![CDATA[org.testng.TestRunner@76a6f045]]>
              </value>
            </param>
          </params>
          <reporter-output>
          </reporter-output>
        </test-method> <!-- beforeTest -->
        <test-method status="PASS" signature="quit(org.testng.ITestContext)[pri:0, instance:testcases.rediff.PortfolioManagement@72d818d1]" name="quit" is-config="true" duration-ms="1022" started-at="2022-03-21T19:22:01 IST" finished-at="2022-03-21T19:22:02 IST">
          <params>
            <param index="0">
              <value>
                <![CDATA[org.testng.TestRunner@76a6f045]]>
              </value>
            </param>
          </params>
          <reporter-output>
          </reporter-output>
        </test-method> <!-- quit -->
      </class> <!-- testcases.rediff.PortfolioManagement -->
      <class name="testcases.rediff.StockManagement">
        <test-method status="PASS" signature="addNewStock(org.testng.ITestContext)[pri:0, instance:testcases.rediff.StockManagement@6e06451e]" name="addNewStock" duration-ms="9409" started-at="2022-03-21T19:21:48 IST" finished-at="2022-03-21T19:21:58 IST">
          <params>
            <param index="0">
              <value>
                <![CDATA[org.testng.TestRunner@76a6f045]]>
              </value>
            </param>
          </params>
          <reporter-output>
          </reporter-output>
        </test-method> <!-- addNewStock -->
        <test-method status="PASS" signature="beforeMethod(org.testng.ITestContext)[pri:0, instance:testcases.rediff.StockManagement@6e06451e]" name="beforeMethod" is-config="true" duration-ms="0" started-at="2022-03-21T19:21:48 IST" finished-at="2022-03-21T19:21:48 IST">
          <params>
            <param index="0">
              <value>
                <![CDATA[org.testng.TestRunner@76a6f045]]>
              </value>
            </param>
          </params>
          <reporter-output>
          </reporter-output>
        </test-method> <!-- beforeMethod -->
        <test-method status="PASS" signature="beforeMethod(org.testng.ITestContext)[pri:0, instance:testcases.rediff.StockManagement@6e06451e]" name="beforeMethod" is-config="true" duration-ms="1" started-at="2022-03-21T19:21:58 IST" finished-at="2022-03-21T19:21:58 IST">
          <params>
            <param index="0">
              <value>
                <![CDATA[org.testng.TestRunner@76a6f045]]>
              </value>
            </param>
          </params>
          <reporter-output>
          </reporter-output>
        </test-method> <!-- beforeMethod -->
        <test-method status="PASS" signature="verifyStockPresent()[pri:0, instance:testcases.rediff.StockManagement@6e06451e]" name="verifyStockPresent" duration-ms="2122" started-at="2022-03-21T19:21:58 IST" finished-at="2022-03-21T19:22:00 IST">
          <reporter-output>
          </reporter-output>
        </test-method> <!-- verifyStockPresent -->
        <test-method status="FAIL" signature="verifyStockQuantity(java.lang.String,org.testng.ITestContext)[pri:0, instance:testcases.rediff.StockManagement@6e06451e]" name="verifyStockQuantity" duration-ms="851" started-at="2022-03-21T19:22:00 IST" finished-at="2022-03-21T19:22:01 IST">
          <params>
            <param index="0">
              <value>
                <![CDATA[addstock]]>
              </value>
            </param>
            <param index="1">
              <value>
                <![CDATA[org.testng.TestRunner@76a6f045]]>
              </value>
            </param>
          </params>
          <exception class="java.lang.AssertionError">
            <message>
              <![CDATA[The following asserts failed:
Quantity did not match]]>
            </message>
            <full-stacktrace>
              <![CDATA[java.lang.AssertionError: The following asserts failed:
Quantity did not match
at org.testng.asserts.SoftAssert.assertAll(SoftAssert.java:47)
at org.testng.asserts.SoftAssert.assertAll(SoftAssert.java:31)
at keywords.GenericKeywords.assertAll(GenericKeywords.java:199)
at keywords.GenericKeywords.reportFailure(GenericKeywords.java:194)
at testcases.rediff.StockManagement.verifyStockQuantity(StockManagement.java:112)
at sun.reflect.NativeMethodAccessorImpl.invoke0(Native Method)
at sun.reflect.NativeMethodAccessorImpl.invoke(NativeMethodAccessorImpl.java:62)
at sun.reflect.DelegatingMethodAccessorImpl.invoke(DelegatingMethodAccessorImpl.java:43)
at java.lang.reflect.Method.invoke(Method.java:498)
at org.testng.internal.MethodInvocationHelper.invokeMethod(MethodInvocationHelper.java:133)
at org.testng.internal.TestInvoker.invokeMethod(TestInvoker.java:598)
at org.testng.internal.TestInvoker.invokeTestMethod(TestInvoker.java:173)
at org.testng.internal.MethodRunner.runInSequence(MethodRunner.java:46)
at org.testng.internal.TestInvoker$MethodInvocationAgent.invoke(TestInvoker.java:824)
at org.testng.internal.TestInvoker.invokeTestMethods(TestInvoker.java:146)
at org.testng.internal.TestMethodWorker.invokeTestMethods(TestMethodWorker.java:146)
at org.testng.internal.TestMethodWorker.run(TestMethodWorker.java:128)
at java.util.ArrayList.forEach(ArrayList.java:1257)
at org.testng.TestRunner.privateRun(TestRunner.java:794)
at org.testng.TestRunner.run(TestRunner.java:596)
at org.testng.SuiteRunner.runTest(SuiteRunner.java:377)
at org.testng.SuiteRunner.runSequentially(SuiteRunner.java:371)
at org.testng.SuiteRunner.privateRun(SuiteRunner.java:332)
at org.testng.SuiteRunner.run(SuiteRunner.java:276)
at org.testng.SuiteRunnerWorker.runSuite(SuiteRunnerWorker.java:53)
at org.testng.SuiteRunnerWorker.run(SuiteRunnerWorker.java:96)
at org.testng.TestNG.runSuitesSequentially(TestNG.java:1212)
at org.testng.TestNG.runSuitesLocally(TestNG.java:1134)
at org.testng.TestNG.runSuites(TestNG.java:1063)
at org.testng.TestNG.run(TestNG.java:1031)
at runner.TestNGRunner.run(TestNGRunner.java:86)
at runner.JSONRunner.main(JSONRunner.java:111)
]]>
            </full-stacktrace>
          </exception> <!-- java.lang.AssertionError -->
          <reporter-output>
          </reporter-output>
        </test-method> <!-- verifyStockQuantity -->
        <test-method status="PASS" signature="beforeMethod(org.testng.ITestContext)[pri:0, instance:testcases.rediff.StockManagement@6e06451e]" name="beforeMethod" is-config="true" duration-ms="0" started-at="2022-03-21T19:22:00 IST" finished-at="2022-03-21T19:22:00 IST">
          <params>
            <param index="0">
              <value>
                <![CDATA[org.testng.TestRunner@76a6f045]]>
              </value>
            </param>
          </params>
          <reporter-output>
          </reporter-output>
        </test-method> <!-- beforeMethod -->
        <test-method status="SKIP" signature="beforeMethod(org.testng.ITestContext)[pri:0, instance:testcases.rediff.StockManagement@6e06451e]" name="beforeMethod" is-config="true" duration-ms="0" started-at="2022-03-21T19:22:01 IST" finished-at="2022-03-21T19:22:01 IST">
          <params>
            <param index="0">
              <value>
                <![CDATA[org.testng.TestRunner@76a6f045]]>
              </value>
            </param>
          </params>
          <exception class="org.testng.SkipException">
            <message>
              <![CDATA[critical Failure in previous Test]]>
            </message>
            <full-stacktrace>
              <![CDATA[org.testng.SkipException: critical Failure in previous Test
at testbase.BaseTest.beforeMethod(BaseTest.java:88)
at sun.reflect.NativeMethodAccessorImpl.invoke0(Native Method)
at sun.reflect.NativeMethodAccessorImpl.invoke(NativeMethodAccessorImpl.java:62)
at sun.reflect.DelegatingMethodAccessorImpl.invoke(DelegatingMethodAccessorImpl.java:43)
at java.lang.reflect.Method.invoke(Method.java:498)
at org.testng.internal.MethodInvocationHelper.invokeMethod(MethodInvocationHelper.java:133)
at org.testng.internal.MethodInvocationHelper.invokeMethodConsideringTimeout(MethodInvocationHelper.java:62)
at org.testng.internal.ConfigInvoker.invokeConfigurationMethod(ConfigInvoker.java:385)
at org.testng.internal.ConfigInvoker.invokeConfigurations(ConfigInvoker.java:321)
at org.testng.internal.TestInvoker.runConfigMethods(TestInvoker.java:700)
at org.testng.internal.TestInvoker.invokeMethod(TestInvoker.java:527)
at org.testng.internal.TestInvoker.invokeTestMethod(TestInvoker.java:173)
at org.testng.internal.MethodRunner.runInSequence(MethodRunner.java:46)
at org.testng.internal.TestInvoker$MethodInvocationAgent.invoke(TestInvoker.java:824)
at org.testng.internal.TestInvoker.invokeTestMethods(TestInvoker.java:146)
at org.testng.internal.TestMethodWorker.invokeTestMethods(TestMethodWorker.java:146)
at org.testng.internal.TestMethodWorker.run(TestMethodWorker.java:128)
at java.util.ArrayList.forEach(ArrayList.java:1257)
at org.testng.TestRunner.privateRun(TestRunner.java:794)
at org.testng.TestRunner.run(TestRunner.java:596)
at org.testng.SuiteRunner.runTest(SuiteRunner.java:377)
at org.testng.SuiteRunner.runSequentially(SuiteRunner.java:371)
at org.testng.SuiteRunner.privateRun(SuiteRunner.java:332)
at org.testng.SuiteRunner.run(SuiteRunner.java:276)
at org.testng.SuiteRunnerWorker.runSuite(SuiteRunnerWorker.java:53)
at org.testng.SuiteRunnerWorker.run(SuiteRunnerWorker.java:96)
at org.testng.TestNG.runSuitesSequentially(TestNG.java:1212)
at org.testng.TestNG.runSuitesLocally(TestNG.java:1134)
at org.testng.TestNG.runSuites(TestNG.java:1063)
at org.testng.TestNG.run(TestNG.java:1031)
at runner.TestNGRunner.run(TestNGRunner.java:86)
at runner.JSONRunner.main(JSONRunner.java:111)
]]>
            </full-stacktrace>
          </exception> <!-- org.testng.SkipException -->
          <reporter-output>
          </reporter-output>
        </test-method> <!-- beforeMethod -->
        <test-method status="SKIP" signature="verifyTransactionHistory(java.lang.String)[pri:0, instance:testcases.rediff.StockManagement@6e06451e]" name="verifyTransactionHistory" duration-ms="0" started-at="2022-03-21T19:22:01 IST" finished-at="2022-03-21T19:22:01 IST">
          <params>
            <param index="0">
              <value>
                <![CDATA[addstock]]>
              </value>
            </param>
          </params>
          <exception class="org.testng.SkipException">
            <message>
              <![CDATA[critical Failure in previous Test]]>
            </message>
            <full-stacktrace>
              <![CDATA[org.testng.SkipException: critical Failure in previous Test
at testbase.BaseTest.beforeMethod(BaseTest.java:88)
at sun.reflect.NativeMethodAccessorImpl.invoke0(Native Method)
at sun.reflect.NativeMethodAccessorImpl.invoke(NativeMethodAccessorImpl.java:62)
at sun.reflect.DelegatingMethodAccessorImpl.invoke(DelegatingMethodAccessorImpl.java:43)
at java.lang.reflect.Method.invoke(Method.java:498)
at org.testng.internal.MethodInvocationHelper.invokeMethod(MethodInvocationHelper.java:133)
at org.testng.internal.MethodInvocationHelper.invokeMethodConsideringTimeout(MethodInvocationHelper.java:62)
at org.testng.internal.ConfigInvoker.invokeConfigurationMethod(ConfigInvoker.java:385)
at org.testng.internal.ConfigInvoker.invokeConfigurations(ConfigInvoker.java:321)
at org.testng.internal.TestInvoker.runConfigMethods(TestInvoker.java:700)
at org.testng.internal.TestInvoker.invokeMethod(TestInvoker.java:527)
at org.testng.internal.TestInvoker.invokeTestMethod(TestInvoker.java:173)
at org.testng.internal.MethodRunner.runInSequence(MethodRunner.java:46)
at org.testng.internal.TestInvoker$MethodInvocationAgent.invoke(TestInvoker.java:824)
at org.testng.internal.TestInvoker.invokeTestMethods(TestInvoker.java:146)
at org.testng.internal.TestMethodWorker.invokeTestMethods(TestMethodWorker.java:146)
at org.testng.internal.TestMethodWorker.run(TestMethodWorker.java:128)
at java.util.ArrayList.forEach(ArrayList.java:1257)
at org.testng.TestRunner.privateRun(TestRunner.java:794)
at org.testng.TestRunner.run(TestRunner.java:596)
at org.testng.SuiteRunner.runTest(SuiteRunner.java:377)
at org.testng.SuiteRunner.runSequentially(SuiteRunner.java:371)
at org.testng.SuiteRunner.privateRun(SuiteRunner.java:332)
at org.testng.SuiteRunner.run(SuiteRunner.java:276)
at org.testng.SuiteRunnerWorker.runSuite(SuiteRunnerWorker.java:53)
at org.testng.SuiteRunnerWorker.run(SuiteRunnerWorker.java:96)
at org.testng.TestNG.runSuitesSequentially(TestNG.java:1212)
at org.testng.TestNG.runSuitesLocally(TestNG.java:1134)
at org.testng.TestNG.runSuites(TestNG.java:1063)
at org.testng.TestNG.run(TestNG.java:1031)
at runner.TestNGRunner.run(TestNGRunner.java:86)
at runner.JSONRunner.main(JSONRunner.java:111)
]]>
            </full-stacktrace>
          </exception> <!-- org.testng.SkipException -->
          <reporter-output>
          </reporter-output>
        </test-method> <!-- verifyTransactionHistory -->
      </class> <!-- testcases.rediff.StockManagement -->
    </test> <!-- Add New Stock-New Stock-It.2 -->
    <test name="Modify Stock-Sell Existing Stock-It.1" duration-ms="40682" started-at="2022-03-21T19:22:02 IST" finished-at="2022-03-21T19:22:42 IST">
      <class name="testcases.rediff.PortfolioManagement">
        <test-method status="PASS" signature="beforeTest(org.testng.ITestContext)[pri:0, instance:testcases.rediff.PortfolioManagement@cb644e]" name="beforeTest" is-config="true" duration-ms="20946" started-at="2022-03-21T19:22:02 IST" finished-at="2022-03-21T19:22:22 IST">
          <params>
            <param index="0">
              <value>
                <![CDATA[org.testng.TestRunner@af9dd34]]>
              </value>
            </param>
          </params>
          <reporter-output>
          </reporter-output>
        </test-method> <!-- beforeTest -->
        <test-method status="PASS" signature="quit(org.testng.ITestContext)[pri:0, instance:testcases.rediff.PortfolioManagement@cb644e]" name="quit" is-config="true" duration-ms="1917" started-at="2022-03-21T19:22:40 IST" finished-at="2022-03-21T19:22:42 IST">
          <params>
            <param index="0">
              <value>
                <![CDATA[org.testng.TestRunner@af9dd34]]>
              </value>
            </param>
          </params>
          <reporter-output>
          </reporter-output>
        </test-method> <!-- quit -->
      </class> <!-- testcases.rediff.PortfolioManagement -->
      <class name="testcases.rediff.StockManagement">
        <test-method status="PASS" signature="beforeMethod(org.testng.ITestContext)[pri:0, instance:testcases.rediff.StockManagement@13805618]" name="beforeMethod" is-config="true" duration-ms="1" started-at="2022-03-21T19:22:22 IST" finished-at="2022-03-21T19:22:22 IST">
          <params>
            <param index="0">
              <value>
                <![CDATA[org.testng.TestRunner@af9dd34]]>
              </value>
            </param>
          </params>
          <reporter-output>
          </reporter-output>
        </test-method> <!-- beforeMethod -->
        <test-method status="PASS" signature="verifyStockPresent()[pri:0, instance:testcases.rediff.StockManagement@13805618]" name="verifyStockPresent" duration-ms="374" started-at="2022-03-21T19:22:22 IST" finished-at="2022-03-21T19:22:23 IST">
          <reporter-output>
          </reporter-output>
        </test-method> <!-- verifyStockPresent -->
        <test-method status="PASS" signature="beforeMethod(org.testng.ITestContext)[pri:0, instance:testcases.rediff.StockManagement@13805618]" name="beforeMethod" is-config="true" duration-ms="1" started-at="2022-03-21T19:22:23 IST" finished-at="2022-03-21T19:22:23 IST">
          <params>
            <param index="0">
              <value>
                <![CDATA[org.testng.TestRunner@af9dd34]]>
              </value>
            </param>
          </params>
          <reporter-output>
          </reporter-output>
        </test-method> <!-- beforeMethod -->
        <test-method status="PASS" signature="modifyStock(java.lang.String,org.testng.ITestContext)[pri:0, instance:testcases.rediff.StockManagement@13805618]" name="modifyStock" duration-ms="15530" started-at="2022-03-21T19:22:23 IST" finished-at="2022-03-21T19:22:38 IST">
          <params>
            <param index="0">
              <value>
                <![CDATA[sellstock]]>
              </value>
            </param>
            <param index="1">
              <value>
                <![CDATA[org.testng.TestRunner@af9dd34]]>
              </value>
            </param>
          </params>
          <reporter-output>
          </reporter-output>
        </test-method> <!-- modifyStock -->
        <test-method status="PASS" signature="beforeMethod(org.testng.ITestContext)[pri:0, instance:testcases.rediff.StockManagement@13805618]" name="beforeMethod" is-config="true" duration-ms="0" started-at="2022-03-21T19:22:38 IST" finished-at="2022-03-21T19:22:38 IST">
          <params>
            <param index="0">
              <value>
                <![CDATA[org.testng.TestRunner@af9dd34]]>
              </value>
            </param>
          </params>
          <reporter-output>
          </reporter-output>
        </test-method> <!-- beforeMethod -->
        <test-method status="PASS" signature="verifyStockQuantity(java.lang.String,org.testng.ITestContext)[pri:0, instance:testcases.rediff.StockManagement@13805618]" name="verifyStockQuantity" duration-ms="520" started-at="2022-03-21T19:22:38 IST" finished-at="2022-03-21T19:22:39 IST">
          <params>
            <param index="0">
              <value>
                <![CDATA[sellstock]]>
              </value>
            </param>
            <param index="1">
              <value>
                <![CDATA[org.testng.TestRunner@af9dd34]]>
              </value>
            </param>
          </params>
          <reporter-output>
          </reporter-output>
        </test-method> <!-- verifyStockQuantity -->
        <test-method status="PASS" signature="beforeMethod(org.testng.ITestContext)[pri:0, instance:testcases.rediff.StockManagement@13805618]" name="beforeMethod" is-config="true" duration-ms="1" started-at="2022-03-21T19:22:39 IST" finished-at="2022-03-21T19:22:39 IST">
          <params>
            <param index="0">
              <value>
                <![CDATA[org.testng.TestRunner@af9dd34]]>
              </value>
            </param>
          </params>
          <reporter-output>
          </reporter-output>
        </test-method> <!-- beforeMethod -->
        <test-method status="PASS" signature="verifyTransactionHistory(java.lang.String)[pri:0, instance:testcases.rediff.StockManagement@13805618]" name="verifyTransactionHistory" duration-ms="1384" started-at="2022-03-21T19:22:39 IST" finished-at="2022-03-21T19:22:40 IST">
          <params>
            <param index="0">
              <value>
                <![CDATA[sellstock]]>
              </value>
            </param>
          </params>
          <reporter-output>
          </reporter-output>
        </test-method> <!-- verifyTransactionHistory -->
      </class> <!-- testcases.rediff.StockManagement -->
    </test> <!-- Modify Stock-Sell Existing Stock-It.1 -->
    <test name="Modify Stock-Buy Existing Stock-It.1" duration-ms="47418" started-at="2022-03-21T19:22:43 IST" finished-at="2022-03-21T19:23:30 IST">
      <class name="testcases.rediff.PortfolioManagement">
        <test-method status="PASS" signature="beforeTest(org.testng.ITestContext)[pri:0, instance:testcases.rediff.PortfolioManagement@ff5b51f]" name="beforeTest" is-config="true" duration-ms="27672" started-at="2022-03-21T19:22:43 IST" finished-at="2022-03-21T19:23:10 IST">
          <params>
            <param index="0">
              <value>
                <![CDATA[org.testng.TestRunner@570127fa]]>
              </value>
            </param>
          </params>
          <reporter-output>
          </reporter-output>
        </test-method> <!-- beforeTest -->
        <test-method status="PASS" signature="quit(org.testng.ITestContext)[pri:0, instance:testcases.rediff.PortfolioManagement@ff5b51f]" name="quit" is-config="true" duration-ms="1328" started-at="2022-03-21T19:23:29 IST" finished-at="2022-03-21T19:23:30 IST">
          <params>
            <param index="0">
              <value>
                <![CDATA[org.testng.TestRunner@570127fa]]>
              </value>
            </param>
          </params>
          <reporter-output>
          </reporter-output>
        </test-method> <!-- quit -->
      </class> <!-- testcases.rediff.PortfolioManagement -->
      <class name="testcases.rediff.StockManagement">
        <test-method status="PASS" signature="beforeMethod(org.testng.ITestContext)[pri:0, instance:testcases.rediff.StockManagement@25bbe1b6]" name="beforeMethod" is-config="true" duration-ms="1" started-at="2022-03-21T19:23:10 IST" finished-at="2022-03-21T19:23:10 IST">
          <params>
            <param index="0">
              <value>
                <![CDATA[org.testng.TestRunner@570127fa]]>
              </value>
            </param>
          </params>
          <reporter-output>
          </reporter-output>
        </test-method> <!-- beforeMethod -->
        <test-method status="PASS" signature="verifyStockPresent()[pri:0, instance:testcases.rediff.StockManagement@25bbe1b6]" name="verifyStockPresent" duration-ms="301" started-at="2022-03-21T19:23:10 IST" finished-at="2022-03-21T19:23:11 IST">
          <reporter-output>
          </reporter-output>
        </test-method> <!-- verifyStockPresent -->
        <test-method status="PASS" signature="beforeMethod(org.testng.ITestContext)[pri:0, instance:testcases.rediff.StockManagement@25bbe1b6]" name="beforeMethod" is-config="true" duration-ms="1" started-at="2022-03-21T19:23:11 IST" finished-at="2022-03-21T19:23:11 IST">
          <params>
            <param index="0">
              <value>
                <![CDATA[org.testng.TestRunner@570127fa]]>
              </value>
            </param>
          </params>
          <reporter-output>
          </reporter-output>
        </test-method> <!-- beforeMethod -->
        <test-method status="PASS" signature="modifyStock(java.lang.String,org.testng.ITestContext)[pri:0, instance:testcases.rediff.StockManagement@25bbe1b6]" name="modifyStock" duration-ms="16539" started-at="2022-03-21T19:23:11 IST" finished-at="2022-03-21T19:23:27 IST">
          <params>
            <param index="0">
              <value>
                <![CDATA[addstock]]>
              </value>
            </param>
            <param index="1">
              <value>
                <![CDATA[org.testng.TestRunner@570127fa]]>
              </value>
            </param>
          </params>
          <reporter-output>
          </reporter-output>
        </test-method> <!-- modifyStock -->
        <test-method status="PASS" signature="beforeMethod(org.testng.ITestContext)[pri:0, instance:testcases.rediff.StockManagement@25bbe1b6]" name="beforeMethod" is-config="true" duration-ms="0" started-at="2022-03-21T19:23:27 IST" finished-at="2022-03-21T19:23:27 IST">
          <params>
            <param index="0">
              <value>
                <![CDATA[org.testng.TestRunner@570127fa]]>
              </value>
            </param>
          </params>
          <reporter-output>
          </reporter-output>
        </test-method> <!-- beforeMethod -->
        <test-method status="PASS" signature="verifyStockQuantity(java.lang.String,org.testng.ITestContext)[pri:0, instance:testcases.rediff.StockManagement@25bbe1b6]" name="verifyStockQuantity" duration-ms="586" started-at="2022-03-21T19:23:27 IST" finished-at="2022-03-21T19:23:28 IST">
          <params>
            <param index="0">
              <value>
                <![CDATA[addstock]]>
              </value>
            </param>
            <param index="1">
              <value>
                <![CDATA[org.testng.TestRunner@570127fa]]>
              </value>
            </param>
          </params>
          <reporter-output>
          </reporter-output>
        </test-method> <!-- verifyStockQuantity -->
        <test-method status="PASS" signature="verifyTransactionHistory(java.lang.String)[pri:0, instance:testcases.rediff.StockManagement@25bbe1b6]" name="verifyTransactionHistory" duration-ms="985" started-at="2022-03-21T19:23:28 IST" finished-at="2022-03-21T19:23:29 IST">
          <params>
            <param index="0">
              <value>
                <![CDATA[addstock]]>
              </value>
            </param>
          </params>
          <reporter-output>
          </reporter-output>
        </test-method> <!-- verifyTransactionHistory -->
        <test-method status="PASS" signature="beforeMethod(org.testng.ITestContext)[pri:0, instance:testcases.rediff.StockManagement@25bbe1b6]" name="beforeMethod" is-config="true" duration-ms="0" started-at="2022-03-21T19:23:28 IST" finished-at="2022-03-21T19:23:28 IST">
          <params>
            <param index="0">
              <value>
                <![CDATA[org.testng.TestRunner@570127fa]]>
              </value>
            </param>
          </params>
          <reporter-output>
          </reporter-output>
        </test-method> <!-- beforeMethod -->
      </class> <!-- testcases.rediff.StockManagement -->
    </test> <!-- Modify Stock-Buy Existing Stock-It.1 -->
    <test name="Modify Stock-Buy Existing Stock-It.2" duration-ms="30694" started-at="2022-03-21T19:23:30 IST" finished-at="2022-03-21T19:24:01 IST">
      <class name="testcases.rediff.PortfolioManagement">
        <test-method status="PASS" signature="beforeTest(org.testng.ITestContext)[pri:0, instance:testcases.rediff.PortfolioManagement@3159c4b8]" name="beforeTest" is-config="true" duration-ms="19967" started-at="2022-03-21T19:23:30 IST" finished-at="2022-03-21T19:23:50 IST">
          <params>
            <param index="0">
              <value>
                <![CDATA[org.testng.TestRunner@57a0aeb8]]>
              </value>
            </param>
          </params>
          <reporter-output>
          </reporter-output>
        </test-method> <!-- beforeTest -->
        <test-method status="PASS" signature="quit(org.testng.ITestContext)[pri:0, instance:testcases.rediff.PortfolioManagement@3159c4b8]" name="quit" is-config="true" duration-ms="1305" started-at="2022-03-21T19:24:00 IST" finished-at="2022-03-21T19:24:01 IST">
          <params>
            <param index="0">
              <value>
                <![CDATA[org.testng.TestRunner@57a0aeb8]]>
              </value>
            </param>
          </params>
          <reporter-output>
          </reporter-output>
        </test-method> <!-- quit -->
      </class> <!-- testcases.rediff.PortfolioManagement -->
      <class name="testcases.rediff.StockManagement">
        <test-method status="PASS" signature="beforeMethod(org.testng.ITestContext)[pri:0, instance:testcases.rediff.StockManagement@73846619]" name="beforeMethod" is-config="true" duration-ms="0" started-at="2022-03-21T19:23:50 IST" finished-at="2022-03-21T19:23:50 IST">
          <params>
            <param index="0">
              <value>
                <![CDATA[org.testng.TestRunner@57a0aeb8]]>
              </value>
            </param>
          </params>
          <reporter-output>
          </reporter-output>
        </test-method> <!-- beforeMethod -->
        <test-method status="PASS" signature="verifyStockPresent()[pri:0, instance:testcases.rediff.StockManagement@73846619]" name="verifyStockPresent" duration-ms="253" started-at="2022-03-21T19:23:50 IST" finished-at="2022-03-21T19:23:50 IST">
          <reporter-output>
          </reporter-output>
        </test-method> <!-- verifyStockPresent -->
        <test-method status="PASS" signature="beforeMethod(org.testng.ITestContext)[pri:0, instance:testcases.rediff.StockManagement@73846619]" name="beforeMethod" is-config="true" duration-ms="1" started-at="2022-03-21T19:23:50 IST" finished-at="2022-03-21T19:23:50 IST">
          <params>
            <param index="0">
              <value>
                <![CDATA[org.testng.TestRunner@57a0aeb8]]>
              </value>
            </param>
          </params>
          <reporter-output>
          </reporter-output>
        </test-method> <!-- beforeMethod -->
        <test-method status="PASS" signature="modifyStock(java.lang.String,org.testng.ITestContext)[pri:0, instance:testcases.rediff.StockManagement@73846619]" name="modifyStock" duration-ms="8058" started-at="2022-03-21T19:23:50 IST" finished-at="2022-03-21T19:23:58 IST">
          <params>
            <param index="0">
              <value>
                <![CDATA[addstock]]>
              </value>
            </param>
            <param index="1">
              <value>
                <![CDATA[org.testng.TestRunner@57a0aeb8]]>
              </value>
            </param>
          </params>
          <reporter-output>
          </reporter-output>
        </test-method> <!-- modifyStock -->
        <test-method status="PASS" signature="beforeMethod(org.testng.ITestContext)[pri:0, instance:testcases.rediff.StockManagement@73846619]" name="beforeMethod" is-config="true" duration-ms="1" started-at="2022-03-21T19:23:58 IST" finished-at="2022-03-21T19:23:58 IST">
          <params>
            <param index="0">
              <value>
                <![CDATA[org.testng.TestRunner@57a0aeb8]]>
              </value>
            </param>
          </params>
          <reporter-output>
          </reporter-output>
        </test-method> <!-- beforeMethod -->
        <test-method status="PASS" signature="verifyStockQuantity(java.lang.String,org.testng.ITestContext)[pri:0, instance:testcases.rediff.StockManagement@73846619]" name="verifyStockQuantity" duration-ms="497" started-at="2022-03-21T19:23:58 IST" finished-at="2022-03-21T19:23:59 IST">
          <params>
            <param index="0">
              <value>
                <![CDATA[addstock]]>
              </value>
            </param>
            <param index="1">
              <value>
                <![CDATA[org.testng.TestRunner@57a0aeb8]]>
              </value>
            </param>
          </params>
          <reporter-output>
          </reporter-output>
        </test-method> <!-- verifyStockQuantity -->
        <test-method status="PASS" signature="beforeMethod(org.testng.ITestContext)[pri:0, instance:testcases.rediff.StockManagement@73846619]" name="beforeMethod" is-config="true" duration-ms="1" started-at="2022-03-21T19:23:59 IST" finished-at="2022-03-21T19:23:59 IST">
          <params>
            <param index="0">
              <value>
                <![CDATA[org.testng.TestRunner@57a0aeb8]]>
              </value>
            </param>
          </params>
          <reporter-output>
          </reporter-output>
        </test-method> <!-- beforeMethod -->
        <test-method status="PASS" signature="verifyTransactionHistory(java.lang.String)[pri:0, instance:testcases.rediff.StockManagement@73846619]" name="verifyTransactionHistory" duration-ms="608" started-at="2022-03-21T19:23:59 IST" finished-at="2022-03-21T19:24:00 IST">
          <params>
            <param index="0">
              <value>
                <![CDATA[addstock]]>
              </value>
            </param>
          </params>
          <reporter-output>
          </reporter-output>
        </test-method> <!-- verifyTransactionHistory -->
      </class> <!-- testcases.rediff.StockManagement -->
    </test> <!-- Modify Stock-Buy Existing Stock-It.2 -->
  </suite> <!-- Stock Suite -->
</testng-results>
